{"C:\\Users\\r_wha\\Documents\\React\\firstOne\\space-finder-frontend\\src\\index.tsx": {"path":"C:\\Users\\r_wha\\Documents\\React\\firstOne\\space-finder-frontend\\src\\index.tsx","statementMap":{"0":{"start":{"line":1,"column":0},"end":{"line":1,"column":33}},"1":{"start":{"line":2,"column":0},"end":{"line":2,"column":21}},"2":{"start":{"line":3,"column":0},"end":{"line":3,"column":35}},"3":{"start":{"line":5,"column":0},"end":{"line":10,"column":2}}},"fnMap":{},"branchMap":{},"s":{"0":0,"1":0,"2":0,"3":0},"f":{},"b":{}}
,"C:\\Users\\r_wha\\Documents\\React\\firstOne\\space-finder-frontend\\src\\react-app-env.d.ts": {"path":"C:\\Users\\r_wha\\Documents\\React\\firstOne\\space-finder-frontend\\src\\react-app-env.d.ts","statementMap":{},"fnMap":{},"branchMap":{},"s":{},"f":{},"b":{},"inputSourceMap":null}
,"C:\\Users\\r_wha\\Documents\\React\\firstOne\\space-finder-frontend\\src\\reportWebVitals.ts": {"path":"C:\\Users\\r_wha\\Documents\\React\\firstOne\\space-finder-frontend\\src\\reportWebVitals.ts","statementMap":{"0":{"start":{"line":3,"column":24},"end":{"line":13,"column":1}},"1":{"start":{"line":4,"column":2},"end":{"line":12,"column":null}},"2":{"start":{"line":5,"column":4},"end":{"line":11,"column":7}},"3":{"start":{"line":5,"column":4},"end":{"line":5,"column":25}},"4":{"start":{"line":5,"column":39},"end":{"line":5,"column":41}},"5":{"start":{"line":5,"column":47},"end":{"line":5,"column":49}},"6":{"start":{"line":5,"column":55},"end":{"line":5,"column":57}},"7":{"start":{"line":5,"column":63},"end":{"line":5,"column":65}},"8":{"start":{"line":5,"column":72},"end":{"line":5,"column":74}},"9":{"start":{"line":6,"column":6},"end":{"line":6,"column":26}},"10":{"start":{"line":7,"column":6},"end":{"line":7,"column":26}},"11":{"start":{"line":8,"column":6},"end":{"line":8,"column":26}},"12":{"start":{"line":9,"column":6},"end":{"line":9,"column":26}},"13":{"start":{"line":10,"column":6},"end":{"line":10,"column":27}},"14":{"start":{"line":15,"column":0},"end":{"line":15,"column":31}}},"fnMap":{"0":{"name":"(anonymous_6)","decl":{"start":{"line":3,"column":24},"end":{"line":3,"column":25}},"loc":{"start":{"line":3,"column":52},"end":{"line":13,"column":1}}},"1":{"name":"(anonymous_7)","decl":{"start":{"line":5,"column":4},"end":{"line":5,"column":11}},"loc":{"start":{"line":5,"column":4},"end":{"line":5,"column":25}}},"2":{"name":"(anonymous_8)","decl":{"start":{"line":5,"column":30},"end":{"line":5,"column":31}},"loc":{"start":{"line":5,"column":74},"end":{"line":11,"column":5}}}},"branchMap":{"0":{"loc":{"start":{"line":4,"column":2},"end":{"line":12,"column":null}},"type":"if","locations":[{"start":{"line":4,"column":2},"end":{"line":12,"column":null}}]},"1":{"loc":{"start":{"line":4,"column":6},"end":{"line":4,"column":52}},"type":"binary-expr","locations":[{"start":{"line":4,"column":6},"end":{"line":4,"column":17}},{"start":{"line":4,"column":21},"end":{"line":4,"column":52}}]}},"s":{"0":0,"1":0,"2":0,"3":0,"4":0,"5":0,"6":0,"7":0,"8":0,"9":0,"10":0,"11":0,"12":0,"13":0,"14":0},"f":{"0":0,"1":0,"2":0},"b":{"0":[0],"1":[0,0]}}
,"C:\\Users\\r_wha\\Documents\\React\\firstOne\\space-finder-frontend\\src\\setupTests.ts": {"path":"C:\\Users\\r_wha\\Documents\\React\\firstOne\\space-finder-frontend\\src\\setupTests.ts","statementMap":{"0":{"start":{"line":5,"column":0},"end":{"line":5,"column":35}}},"fnMap":{},"branchMap":{},"s":{"0":0},"f":{},"b":{}}
,"C:\\Users\\r_wha\\Documents\\React\\firstOne\\space-finder-frontend\\src\\sum.js": {"path":"C:\\Users\\r_wha\\Documents\\React\\firstOne\\space-finder-frontend\\src\\sum.js","statementMap":{"0":{"start":{"line":2,"column":4},"end":{"line":2,"column":14}},"1":{"start":{"line":5,"column":0},"end":{"line":5,"column":20}}},"fnMap":{"0":{"name":"sum","decl":{"start":{"line":1,"column":9},"end":{"line":1,"column":12}},"loc":{"start":{"line":1,"column":17},"end":{"line":3,"column":1}},"line":1}},"branchMap":{},"s":{"0":0,"1":0},"f":{"0":0},"b":{},"inputSourceMap":null}
,"C:\\Users\\r_wha\\Documents\\React\\firstOne\\space-finder-frontend\\src\\components\\App.tsx": {"path":"C:\\Users\\r_wha\\Documents\\React\\firstOne\\space-finder-frontend\\src\\components\\App.tsx","statementMap":{"0":{"start":{"line":1,"column":0},"end":{"line":1,"column":26}},"1":{"start":{"line":3,"column":0},"end":{"line":3,"column":54}},"2":{"start":{"line":4,"column":0},"end":{"line":4,"column":50}},"3":{"start":{"line":5,"column":0},"end":{"line":5,"column":32}},"4":{"start":{"line":6,"column":0},"end":{"line":6,"column":56}},"5":{"start":{"line":7,"column":0},"end":{"line":7,"column":39}},"6":{"start":{"line":8,"column":0},"end":{"line":8,"column":27}},"7":{"start":{"line":9,"column":0},"end":{"line":9,"column":26}},"8":{"start":{"line":10,"column":0},"end":{"line":10,"column":32}},"9":{"start":{"line":11,"column":0},"end":{"line":11,"column":37}},"10":{"start":{"line":20,"column":0},"end":{"line":20,"column":46}},"11":{"start":{"line":20,"column":18},"end":{"line":20,"column":23}},"12":{"start":{"line":26,"column":4},"end":{"line":26,"column":null}},"13":{"start":{"line":22,"column":10},"end":{"line":22,"column":55}},"14":{"start":{"line":23,"column":10},"end":{"line":23,"column":64}},"15":{"start":{"line":27,"column":4},"end":{"line":27,"column":null}},"16":{"start":{"line":28,"column":4},"end":{"line":28,"column":null}},"17":{"start":{"line":31,"column":10},"end":{"line":34,"column":null}},"18":{"start":{"line":32,"column":4},"end":{"line":32,"column":null}},"19":{"start":{"line":33,"column":4},"end":{"line":33,"column":null}},"20":{"start":{"line":36,"column":2},"end":{"line":62,"column":null}},"21":{"start":{"line":37,"column":4},"end":{"line":61,"column":7}},"22":{"start":{"line":63,"column":0},"end":{"line":63,"column":null}},"23":{"start":{"line":65,"column":0},"end":{"line":65,"column":20}}},"fnMap":{"0":{"name":"(anonymous_9)","decl":{"start":{"line":20,"column":0},"end":{"line":20,"column":18}},"loc":{"start":{"line":20,"column":0},"end":{"line":63,"column":null}}},"1":{"name":"App","decl":{"start":{"line":25,"column":2},"end":{"line":25,"column":14}},"loc":{"start":{"line":25,"column":24},"end":{"line":29,"column":3}}},"2":{"name":"(anonymous_11)","decl":{"start":{"line":31,"column":2},"end":{"line":31,"column":10}},"loc":{"start":{"line":31,"column":28},"end":{"line":34,"column":3}}},"3":{"name":"(anonymous_12)","decl":{"start":{"line":36,"column":2},"end":{"line":36,"column":8}},"loc":{"start":{"line":36,"column":2},"end":{"line":62,"column":3}}}},"branchMap":{"0":{"loc":{"start":{"line":26,"column":4},"end":{"line":26,"column":null}},"type":"binary-expr","locations":[{"start":{"line":26,"column":4},"end":{"line":26,"column":16}},{"start":{"line":26,"column":16},"end":{"line":26,"column":null}}]}},"s":{"0":0,"1":0,"2":0,"3":0,"4":0,"5":0,"6":0,"7":0,"8":0,"9":0,"10":0,"11":0,"12":0,"13":0,"14":0,"15":0,"16":0,"17":0,"18":0,"19":0,"20":0,"21":0,"22":0,"23":0},"f":{"0":0,"1":0,"2":0,"3":0},"b":{"0":[0,0]}}
,"C:\\Users\\r_wha\\Documents\\React\\firstOne\\space-finder-frontend\\src\\components\\Home.tsx": {"path":"C:\\Users\\r_wha\\Documents\\React\\firstOne\\space-finder-frontend\\src\\components\\Home.tsx","statementMap":{"0":{"start":{"line":1,"column":0},"end":{"line":1,"column":40}},"1":{"start":{"line":13,"column":0},"end":{"line":13,"column":50}},"2":{"start":{"line":13,"column":19},"end":{"line":13,"column":28}},"3":{"start":{"line":15,"column":4},"end":{"line":19,"column":null}},"4":{"start":{"line":16,"column":8},"end":{"line":18,"column":17}},"5":{"start":{"line":20,"column":0},"end":{"line":20,"column":null}},"6":{"start":{"line":22,"column":0},"end":{"line":22,"column":20}}},"fnMap":{"0":{"name":"(anonymous_8)","decl":{"start":{"line":13,"column":0},"end":{"line":13,"column":19}},"loc":{"start":{"line":13,"column":0},"end":{"line":20,"column":null}}},"1":{"name":"(anonymous_10)","decl":{"start":{"line":15,"column":4},"end":{"line":15,"column":10}},"loc":{"start":{"line":15,"column":4},"end":{"line":19,"column":5}}}},"branchMap":{},"s":{"0":0,"1":0,"2":0,"3":0,"4":0,"5":0,"6":0},"f":{"0":0,"1":0},"b":{}}
,"C:\\Users\\r_wha\\Documents\\React\\firstOne\\space-finder-frontend\\src\\components\\Login.tsx": {"path":"C:\\Users\\r_wha\\Documents\\React\\firstOne\\space-finder-frontend\\src\\components\\Login.tsx","statementMap":{"0":{"start":{"line":1,"column":0},"end":{"line":1,"column":46}},"1":{"start":{"line":4,"column":0},"end":{"line":4,"column":39}},"2":{"start":{"line":23,"column":0},"end":{"line":23,"column":66}},"3":{"start":{"line":23,"column":27},"end":{"line":23,"column":32}},"4":{"start":{"line":23,"column":0},"end":{"line":23,"column":13}},"5":{"start":{"line":25,"column":4},"end":{"line":30,"column":null}},"6":{"start":{"line":32,"column":12},"end":{"line":34,"column":null}},"7":{"start":{"line":33,"column":8},"end":{"line":33,"column":null}},"8":{"start":{"line":36,"column":12},"end":{"line":38,"column":null}},"9":{"start":{"line":37,"column":8},"end":{"line":37,"column":null}},"10":{"start":{"line":40,"column":18},"end":{"line":54,"column":null}},"11":{"start":{"line":41,"column":8},"end":{"line":41,"column":31}},"12":{"start":{"line":42,"column":8},"end":{"line":42,"column":null}},"13":{"start":{"line":43,"column":23},"end":{"line":46,"column":null}},"14":{"start":{"line":43,"column":14},"end":{"line":46,"column":null}},"15":{"start":{"line":47,"column":8},"end":{"line":53,"column":null}},"16":{"start":{"line":48,"column":12},"end":{"line":48,"column":null}},"17":{"start":{"line":49,"column":12},"end":{"line":49,"column":null}},"18":{"start":{"line":50,"column":12},"end":{"line":50,"column":null}},"19":{"start":{"line":52,"column":12},"end":{"line":52,"column":null}},"20":{"start":{"line":57,"column":4},"end":{"line":78,"column":null}},"21":{"start":{"line":57,"column":4},"end":{"line":57,"column":10}},"22":{"start":{"line":59,"column":8},"end":{"line":65,"column":null}},"23":{"start":{"line":60,"column":12},"end":{"line":64,"column":null}},"24":{"start":{"line":61,"column":16},"end":{"line":61,"column":null}},"25":{"start":{"line":63,"column":16},"end":{"line":63,"column":null}},"26":{"start":{"line":67,"column":8},"end":{"line":77,"column":null}},"27":{"start":{"line":70,"column":37},"end":{"line":70,"column":null}},"28":{"start":{"line":71,"column":72},"end":{"line":71,"column":94}},"29":{"start":{"line":72,"column":72},"end":{"line":72,"column":93}},"30":{"start":{"line":79,"column":0},"end":{"line":79,"column":null}},"31":{"start":{"line":23,"column":13},"end":{"line":23,"column":18}}},"fnMap":{"0":{"name":"(anonymous_22)","decl":{"start":{"line":23,"column":0},"end":{"line":23,"column":13}},"loc":{"start":{"line":23,"column":0},"end":{"line":79,"column":null}}},"1":{"name":"(anonymous_24)","decl":{"start":{"line":32,"column":4},"end":{"line":32,"column":12}},"loc":{"start":{"line":32,"column":42},"end":{"line":34,"column":5}}},"2":{"name":"(anonymous_25)","decl":{"start":{"line":36,"column":4},"end":{"line":36,"column":12}},"loc":{"start":{"line":36,"column":42},"end":{"line":38,"column":5}}},"3":{"name":"(anonymous_26)","decl":{"start":{"line":40,"column":4},"end":{"line":40,"column":18}},"loc":{"start":{"line":40,"column":52},"end":{"line":54,"column":null}}},"4":{"name":"(anonymous_29)","decl":{"start":{"line":57,"column":4},"end":{"line":57,"column":10}},"loc":{"start":{"line":57,"column":4},"end":{"line":78,"column":5}}},"5":{"name":"(anonymous_30)","decl":{"start":{"line":70,"column":32},"end":{"line":70,"column":33}},"loc":{"start":{"line":70,"column":33},"end":{"line":70,"column":41}}},"6":{"name":"(anonymous_31)","decl":{"start":{"line":71,"column":67},"end":{"line":71,"column":68}},"loc":{"start":{"line":71,"column":68},"end":{"line":71,"column":76}}},"7":{"name":"(anonymous_32)","decl":{"start":{"line":72,"column":67},"end":{"line":72,"column":68}},"loc":{"start":{"line":72,"column":68},"end":{"line":72,"column":76}}}},"branchMap":{"0":{"loc":{"start":{"line":23,"column":0},"end":{"line":23,"column":13}},"type":"binary-expr","locations":[{"start":{"line":23,"column":0},"end":{"line":23,"column":13}},{"start":{"line":23,"column":0},"end":{"line":23,"column":13}},{"start":{"line":23,"column":0},"end":{"line":23,"column":13}}]},"1":{"loc":{"start":{"line":47,"column":8},"end":{"line":53,"column":null}},"type":"if","locations":[{"start":{"line":47,"column":8},"end":{"line":53,"column":null}},{"start":{"line":51,"column":15},"end":{"line":53,"column":null}}]},"2":{"loc":{"start":{"line":59,"column":8},"end":{"line":65,"column":null}},"type":"if","locations":[{"start":{"line":59,"column":8},"end":{"line":65,"column":null}}]},"3":{"loc":{"start":{"line":60,"column":12},"end":{"line":64,"column":null}},"type":"if","locations":[{"start":{"line":60,"column":12},"end":{"line":64,"column":null}},{"start":{"line":62,"column":19},"end":{"line":64,"column":null}}]}},"s":{"0":0,"1":0,"2":0,"3":0,"4":0,"5":0,"6":0,"7":0,"8":0,"9":0,"10":0,"11":0,"12":0,"13":0,"14":0,"15":0,"16":0,"17":0,"18":0,"19":0,"20":0,"21":0,"22":0,"23":0,"24":0,"25":0,"26":0,"27":0,"28":0,"29":0,"30":0,"31":0},"f":{"0":0,"1":0,"2":0,"3":0,"4":0,"5":0,"6":0,"7":0},"b":{"0":[0,0,0],"1":[0,0],"2":[0],"3":[0,0]}}
,"C:\\Users\\r_wha\\Documents\\React\\firstOne\\space-finder-frontend\\src\\components\\NavBar.tsx": {"path":"C:\\Users\\r_wha\\Documents\\React\\firstOne\\space-finder-frontend\\src\\components\\NavBar.tsx","statementMap":{"0":{"start":{"line":1,"column":0},"end":{"line":1,"column":40}},"1":{"start":{"line":2,"column":0},"end":{"line":2,"column":40}},"2":{"start":{"line":7,"column":0},"end":{"line":7,"column":52}},"3":{"start":{"line":7,"column":18},"end":{"line":7,"column":27}},"4":{"start":{"line":9,"column":4},"end":{"line":24,"column":null}},"5":{"start":{"line":11,"column":8},"end":{"line":16,"column":null}},"6":{"start":{"line":12,"column":12},"end":{"line":12,"column":null}},"7":{"start":{"line":15,"column":12},"end":{"line":15,"column":null}},"8":{"start":{"line":18,"column":8},"end":{"line":23,"column":21}},"9":{"start":{"line":25,"column":0},"end":{"line":25,"column":null}},"10":{"start":{"line":27,"column":0},"end":{"line":27,"column":19}}},"fnMap":{"0":{"name":"(anonymous_8)","decl":{"start":{"line":7,"column":0},"end":{"line":7,"column":18}},"loc":{"start":{"line":7,"column":0},"end":{"line":25,"column":null}}},"1":{"name":"(anonymous_10)","decl":{"start":{"line":9,"column":4},"end":{"line":9,"column":10}},"loc":{"start":{"line":9,"column":4},"end":{"line":24,"column":5}}}},"branchMap":{"0":{"loc":{"start":{"line":11,"column":8},"end":{"line":16,"column":null}},"type":"if","locations":[{"start":{"line":11,"column":8},"end":{"line":16,"column":null}},{"start":{"line":14,"column":12},"end":{"line":16,"column":null}}]}},"s":{"0":0,"1":0,"2":0,"3":0,"4":0,"5":0,"6":0,"7":0,"8":0,"9":0,"10":0},"f":{"0":0,"1":0},"b":{"0":[0,0]}}
,"C:\\Users\\r_wha\\Documents\\React\\firstOne\\space-finder-frontend\\src\\components\\Profile.tsx": {"path":"C:\\Users\\r_wha\\Documents\\React\\firstOne\\space-finder-frontend\\src\\components\\Profile.tsx","statementMap":{"0":{"start":{"line":1,"column":0},"end":{"line":1,"column":40}},"1":{"start":{"line":2,"column":0},"end":{"line":2,"column":40}},"2":{"start":{"line":15,"column":0},"end":{"line":15,"column":59}},"3":{"start":{"line":15,"column":22},"end":{"line":15,"column":31}},"4":{"start":{"line":15,"column":0},"end":{"line":15,"column":22}},"5":{"start":{"line":24,"column":4},"end":{"line":26,"column":null}},"6":{"start":{"line":16,"column":10},"end":{"line":23,"column":null}},"7":{"start":{"line":17,"column":11},"end":{"line":17,"column":15}},"8":{"start":{"line":18,"column":30},"end":{"line":18,"column":null}},"9":{"start":{"line":18,"column":18},"end":{"line":18,"column":null}},"10":{"start":{"line":19,"column":12},"end":{"line":21,"column":null}},"11":{"start":{"line":27,"column":12},"end":{"line":38,"column":null}},"12":{"start":{"line":29,"column":20},"end":{"line":29,"column":22}},"13":{"start":{"line":30,"column":8},"end":{"line":35,"column":null}},"14":{"start":{"line":30,"column":36},"end":{"line":30,"column":40}},"15":{"start":{"line":30,"column":36},"end":{"line":30,"column":61}},"16":{"start":{"line":30,"column":32},"end":{"line":30,"column":36}},"17":{"start":{"line":31,"column":12},"end":{"line":34,"column":null}},"18":{"start":{"line":36,"column":8},"end":{"line":36,"column":null}},"19":{"start":{"line":39,"column":4},"end":{"line":56,"column":null}},"20":{"start":{"line":41,"column":8},"end":{"line":50,"column":null}},"21":{"start":{"line":42,"column":10},"end":{"line":45,"column":null}},"22":{"start":{"line":47,"column":12},"end":{"line":49,"column":null}},"23":{"start":{"line":51,"column":8},"end":{"line":55,"column":11}},"24":{"start":{"line":57,"column":0},"end":{"line":57,"column":null}},"25":{"start":{"line":59,"column":0},"end":{"line":59,"column":23}}},"fnMap":{"0":{"name":"(anonymous_21)","decl":{"start":{"line":15,"column":0},"end":{"line":15,"column":22}},"loc":{"start":{"line":15,"column":0},"end":{"line":57,"column":null}}},"1":{"name":"(anonymous_23)","decl":{"start":{"line":16,"column":4},"end":{"line":16,"column":10}},"loc":{"start":{"line":16,"column":4},"end":{"line":23,"column":null}}},"2":{"name":"(anonymous_26)","decl":{"start":{"line":27,"column":4},"end":{"line":27,"column":12}},"loc":{"start":{"line":27,"column":4},"end":{"line":38,"column":5}}},"3":{"name":"(anonymous_27)","decl":{"start":{"line":39,"column":4},"end":{"line":39,"column":10}},"loc":{"start":{"line":39,"column":4},"end":{"line":56,"column":5}}}},"branchMap":{"0":{"loc":{"start":{"line":15,"column":0},"end":{"line":15,"column":22}},"type":"binary-expr","locations":[{"start":{"line":15,"column":0},"end":{"line":15,"column":22}},{"start":{"line":15,"column":0},"end":{"line":15,"column":22}},{"start":{"line":15,"column":0},"end":{"line":15,"column":22}}]},"1":{"loc":{"start":{"line":17,"column":11},"end":{"line":17,"column":15}},"type":"if","locations":[{"start":{"line":17,"column":11},"end":{"line":17,"column":15}}]},"2":{"loc":{"start":{"line":41,"column":8},"end":{"line":50,"column":null}},"type":"if","locations":[{"start":{"line":41,"column":8},"end":{"line":50,"column":null}},{"start":{"line":46,"column":13},"end":{"line":50,"column":null}}]}},"s":{"0":0,"1":0,"2":0,"3":0,"4":0,"5":0,"6":0,"7":0,"8":0,"9":0,"10":0,"11":0,"12":0,"13":0,"14":0,"15":0,"16":0,"17":0,"18":0,"19":0,"20":0,"21":0,"22":0,"23":0,"24":0,"25":0},"f":{"0":0,"1":0,"2":0,"3":0},"b":{"0":[0,0,0],"1":[0],"2":[0,0]}}
,"C:\\Users\\r_wha\\Documents\\React\\firstOne\\space-finder-frontend\\src\\components\\spaces\\ConfirmModal.tsx": {"path":"C:\\Users\\r_wha\\Documents\\React\\firstOne\\space-finder-frontend\\src\\components\\spaces\\ConfirmModal.tsx","statementMap":{"0":{"start":{"line":1,"column":0},"end":{"line":1,"column":34}},"1":{"start":{"line":2,"column":0},"end":{"line":2,"column":36}},"2":{"start":{"line":14,"column":0},"end":{"line":14,"column":74}},"3":{"start":{"line":14,"column":27},"end":{"line":14,"column":36}},"4":{"start":{"line":16,"column":4},"end":{"line":30,"column":null}},"5":{"start":{"line":16,"column":4},"end":{"line":16,"column":10}},"6":{"start":{"line":17,"column":8},"end":{"line":29,"column":null}},"7":{"start":{"line":18,"column":12},"end":{"line":18,"column":null}},"8":{"start":{"line":20,"column":12},"end":{"line":28,"column":null}},"9":{"start":{"line":25,"column":52},"end":{"line":25,"column":86}},"10":{"start":{"line":31,"column":0},"end":{"line":31,"column":null}},"11":{"start":{"line":33,"column":0},"end":{"line":33,"column":28}}},"fnMap":{"0":{"name":"(anonymous_8)","decl":{"start":{"line":14,"column":0},"end":{"line":14,"column":27}},"loc":{"start":{"line":14,"column":0},"end":{"line":31,"column":null}}},"1":{"name":"(anonymous_10)","decl":{"start":{"line":16,"column":4},"end":{"line":16,"column":10}},"loc":{"start":{"line":16,"column":4},"end":{"line":30,"column":5}}},"2":{"name":"(anonymous_11)","decl":{"start":{"line":25,"column":46},"end":{"line":25,"column":52}},"loc":{"start":{"line":25,"column":46},"end":{"line":25,"column":56}}}},"branchMap":{"0":{"loc":{"start":{"line":17,"column":8},"end":{"line":29,"column":null}},"type":"if","locations":[{"start":{"line":17,"column":8},"end":{"line":29,"column":null}},{"start":{"line":19,"column":15},"end":{"line":29,"column":null}}]}},"s":{"0":0,"1":0,"2":0,"3":0,"4":0,"5":0,"6":0,"7":0,"8":0,"9":0,"10":0,"11":0},"f":{"0":0,"1":0,"2":0},"b":{"0":[0,0]}}
,"C:\\Users\\r_wha\\Documents\\React\\firstOne\\space-finder-frontend\\src\\components\\spaces\\SpaceComponent.tsx": {"path":"C:\\Users\\r_wha\\Documents\\React\\firstOne\\space-finder-frontend\\src\\components\\spaces\\SpaceComponent.tsx","statementMap":{"0":{"start":{"line":1,"column":0},"end":{"line":1,"column":35}},"1":{"start":{"line":13,"column":0},"end":{"line":13,"column":58}},"2":{"start":{"line":13,"column":29},"end":{"line":13,"column":38}},"3":{"start":{"line":14,"column":8},"end":{"line":16,"column":null}},"4":{"start":{"line":15,"column":4},"end":{"line":15,"column":null}},"5":{"start":{"line":18,"column":8},"end":{"line":26,"column":null}},"6":{"start":{"line":19,"column":4},"end":{"line":24,"column":null}},"7":{"start":{"line":20,"column":8},"end":{"line":20,"column":null}},"8":{"start":{"line":22,"column":17},"end":{"line":22,"column":65}},"9":{"start":{"line":23,"column":8},"end":{"line":23,"column":null}},"10":{"start":{"line":27,"column":4},"end":{"line":36,"column":null}},"11":{"start":{"line":27,"column":4},"end":{"line":27,"column":10}},"12":{"start":{"line":28,"column":8},"end":{"line":35,"column":17}},"13":{"start":{"line":34,"column":54},"end":{"line":34,"column":115}},"14":{"start":{"line":37,"column":0},"end":{"line":37,"column":null}},"15":{"start":{"line":39,"column":0},"end":{"line":39,"column":31}}},"fnMap":{"0":{"name":"(anonymous_8)","decl":{"start":{"line":13,"column":0},"end":{"line":13,"column":29}},"loc":{"start":{"line":13,"column":0},"end":{"line":37,"column":null}}},"1":{"name":"(anonymous_10)","decl":{"start":{"line":14,"column":0},"end":{"line":14,"column":8}},"loc":{"start":{"line":14,"column":31},"end":{"line":16,"column":1}}},"2":{"name":"(anonymous_11)","decl":{"start":{"line":18,"column":0},"end":{"line":18,"column":8}},"loc":{"start":{"line":18,"column":0},"end":{"line":26,"column":1}}},"3":{"name":"(anonymous_12)","decl":{"start":{"line":27,"column":4},"end":{"line":27,"column":10}},"loc":{"start":{"line":27,"column":4},"end":{"line":36,"column":5}}},"4":{"name":"(anonymous_13)","decl":{"start":{"line":34,"column":49},"end":{"line":34,"column":54}},"loc":{"start":{"line":34,"column":49},"end":{"line":34,"column":58}}}},"branchMap":{"0":{"loc":{"start":{"line":19,"column":4},"end":{"line":24,"column":null}},"type":"if","locations":[{"start":{"line":19,"column":4},"end":{"line":24,"column":null}},{"start":{"line":21,"column":9},"end":{"line":24,"column":null}}]}},"s":{"0":0,"1":0,"2":0,"3":0,"4":0,"5":0,"6":0,"7":0,"8":0,"9":0,"10":0,"11":0,"12":0,"13":0,"14":0,"15":0},"f":{"0":0,"1":0,"2":0,"3":0,"4":0},"b":{"0":[0,0]}}
,"C:\\Users\\r_wha\\Documents\\React\\firstOne\\space-finder-frontend\\src\\components\\spaces\\Spaces.tsx": {"path":"C:\\Users\\r_wha\\Documents\\React\\firstOne\\space-finder-frontend\\src\\components\\spaces\\Spaces.tsx","statementMap":{"0":{"start":{"line":1,"column":0},"end":{"line":1,"column":34}},"1":{"start":{"line":4,"column":0},"end":{"line":4,"column":46}},"2":{"start":{"line":5,"column":0},"end":{"line":5,"column":41}},"3":{"start":{"line":6,"column":0},"end":{"line":6,"column":21}},"4":{"start":{"line":20,"column":0},"end":{"line":20,"column":44}},"5":{"start":{"line":20,"column":21},"end":{"line":20,"column":30}},"6":{"start":{"line":24,"column":8},"end":{"line":24,"column":null}},"7":{"start":{"line":25,"column":8},"end":{"line":29,"column":null}},"8":{"start":{"line":30,"column":8},"end":{"line":30,"column":null}},"9":{"start":{"line":31,"column":8},"end":{"line":31,"column":53}},"10":{"start":{"line":34,"column":18},"end":{"line":48,"column":null}},"11":{"start":{"line":35,"column":8},"end":{"line":35,"column":null}},"12":{"start":{"line":36,"column":34},"end":{"line":36,"column":null}},"13":{"start":{"line":36,"column":14},"end":{"line":36,"column":null}},"14":{"start":{"line":37,"column":8},"end":{"line":47,"column":null}},"15":{"start":{"line":38,"column":12},"end":{"line":41,"column":null}},"16":{"start":{"line":43,"column":12},"end":{"line":46,"column":null}},"17":{"start":{"line":49,"column":12},"end":{"line":63,"column":null}},"18":{"start":{"line":50,"column":28},"end":{"line":50,"column":30}},"19":{"start":{"line":51,"column":8},"end":{"line":61,"column":null}},"20":{"start":{"line":51,"column":28},"end":{"line":51,"column":32}},"21":{"start":{"line":51,"column":28},"end":{"line":51,"column":45}},"22":{"start":{"line":51,"column":24},"end":{"line":51,"column":28}},"23":{"start":{"line":52,"column":12},"end":{"line":60,"column":null}},"24":{"start":{"line":62,"column":8},"end":{"line":62,"column":null}},"25":{"start":{"line":64,"column":10},"end":{"line":69,"column":null}},"26":{"start":{"line":65,"column":23},"end":{"line":65,"column":null}},"27":{"start":{"line":65,"column":14},"end":{"line":65,"column":null}},"28":{"start":{"line":66,"column":8},"end":{"line":68,"column":null}},"29":{"start":{"line":70,"column":12},"end":{"line":74,"column":null}},"30":{"start":{"line":71,"column":8},"end":{"line":73,"column":null}},"31":{"start":{"line":75,"column":4},"end":{"line":83,"column":null}},"32":{"start":{"line":76,"column":8},"end":{"line":82,"column":null}},"33":{"start":{"line":84,"column":0},"end":{"line":84,"column":null}},"34":{"start":{"line":86,"column":0},"end":{"line":86,"column":22}}},"fnMap":{"0":{"name":"(anonymous_22)","decl":{"start":{"line":20,"column":0},"end":{"line":20,"column":21}},"loc":{"start":{"line":20,"column":0},"end":{"line":84,"column":null}}},"1":{"name":"Spaces","decl":{"start":{"line":23,"column":4},"end":{"line":23,"column":16}},"loc":{"start":{"line":23,"column":28},"end":{"line":33,"column":5}}},"2":{"name":"(anonymous_24)","decl":{"start":{"line":34,"column":4},"end":{"line":34,"column":18}},"loc":{"start":{"line":34,"column":46},"end":{"line":48,"column":null}}},"3":{"name":"(anonymous_27)","decl":{"start":{"line":49,"column":4},"end":{"line":49,"column":12}},"loc":{"start":{"line":49,"column":4},"end":{"line":63,"column":5}}},"4":{"name":"(anonymous_28)","decl":{"start":{"line":64,"column":4},"end":{"line":64,"column":10}},"loc":{"start":{"line":64,"column":4},"end":{"line":69,"column":null}}},"5":{"name":"(anonymous_31)","decl":{"start":{"line":70,"column":4},"end":{"line":70,"column":12}},"loc":{"start":{"line":70,"column":4},"end":{"line":74,"column":5}}},"6":{"name":"(anonymous_32)","decl":{"start":{"line":75,"column":4},"end":{"line":75,"column":10}},"loc":{"start":{"line":75,"column":4},"end":{"line":83,"column":5}}}},"branchMap":{"0":{"loc":{"start":{"line":24,"column":8},"end":{"line":24,"column":null}},"type":"binary-expr","locations":[{"start":{"line":24,"column":8},"end":{"line":24,"column":20}},{"start":{"line":24,"column":20},"end":{"line":24,"column":null}}]},"1":{"loc":{"start":{"line":37,"column":8},"end":{"line":47,"column":null}},"type":"if","locations":[{"start":{"line":37,"column":8},"end":{"line":47,"column":null}},{"start":{"line":42,"column":15},"end":{"line":47,"column":null}}]},"2":{"loc":{"start":{"line":65,"column":23},"end":{"line":65,"column":null}},"type":"switch","locations":[{"start":{"line":65,"column":23},"end":{"line":65,"column":null}}]}},"s":{"0":0,"1":0,"2":0,"3":0,"4":0,"5":0,"6":0,"7":0,"8":0,"9":0,"10":0,"11":0,"12":0,"13":0,"14":0,"15":0,"16":0,"17":0,"18":0,"19":0,"20":0,"21":0,"22":0,"23":0,"24":0,"25":0,"26":0,"27":0,"28":0,"29":0,"30":0,"31":0,"32":0,"33":0,"34":0},"f":{"0":0,"1":0,"2":0,"3":0,"4":0,"5":0,"6":0},"b":{"0":[0,0],"1":[0,0],"2":[0]}}
,"C:\\Users\\r_wha\\Documents\\React\\firstOne\\space-finder-frontend\\src\\services\\AuthService.tsx": {"path":"C:\\Users\\r_wha\\Documents\\React\\firstOne\\space-finder-frontend\\src\\services\\AuthService.tsx","statementMap":{"0":{"start":{"line":3,"column":0},"end":{"line":3,"column":14}},"1":{"start":{"line":4,"column":17},"end":{"line":14,"column":null}},"2":{"start":{"line":5,"column":8},"end":{"line":13,"column":null}},"3":{"start":{"line":6,"column":12},"end":{"line":9,"column":null}},"4":{"start":{"line":12,"column":12},"end":{"line":12,"column":null}},"5":{"start":{"line":15,"column":17},"end":{"line":39,"column":null}},"6":{"start":{"line":16,"column":14},"end":{"line":16,"column":null}},"7":{"start":{"line":17,"column":8},"end":{"line":21,"column":null}},"8":{"start":{"line":22,"column":8},"end":{"line":26,"column":null}},"9":{"start":{"line":27,"column":8},"end":{"line":31,"column":null}},"10":{"start":{"line":32,"column":8},"end":{"line":36,"column":null}},"11":{"start":{"line":37,"column":8},"end":{"line":37,"column":null}},"12":{"start":{"line":40,"column":0},"end":{"line":40,"column":null}},"13":{"start":{"line":3,"column":14},"end":{"line":3,"column":25}}},"fnMap":{"0":{"name":"(anonymous_13)","decl":{"start":{"line":3,"column":0},"end":{"line":3,"column":14}},"loc":{"start":{"line":3,"column":0},"end":{"line":40,"column":null}}},"1":{"name":"(anonymous_15)","decl":{"start":{"line":4,"column":4},"end":{"line":4,"column":17}},"loc":{"start":{"line":4,"column":56},"end":{"line":14,"column":null}}},"2":{"name":"(anonymous_18)","decl":{"start":{"line":15,"column":4},"end":{"line":15,"column":17}},"loc":{"start":{"line":15,"column":44},"end":{"line":39,"column":null}}}},"branchMap":{"0":{"loc":{"start":{"line":5,"column":8},"end":{"line":13,"column":null}},"type":"if","locations":[{"start":{"line":5,"column":8},"end":{"line":13,"column":null}},{"start":{"line":11,"column":12},"end":{"line":13,"column":null}}]},"1":{"loc":{"start":{"line":5,"column":12},"end":{"line":5,"column":53}},"type":"binary-expr","locations":[{"start":{"line":5,"column":12},"end":{"line":5,"column":31}},{"start":{"line":5,"column":35},"end":{"line":5,"column":53}}]}},"s":{"0":0,"1":0,"2":0,"3":0,"4":0,"5":0,"6":0,"7":0,"8":0,"9":0,"10":0,"11":0,"12":0,"13":0},"f":{"0":0,"1":0,"2":0},"b":{"0":[0,0],"1":[0,0]}}
,"C:\\Users\\r_wha\\Documents\\React\\firstOne\\space-finder-frontend\\src\\services\\DataService.ts": {"path":"C:\\Users\\r_wha\\Documents\\React\\firstOne\\space-finder-frontend\\src\\services\\DataService.ts","statementMap":{"0":{"start":{"line":1,"column":0},"end":{"line":1,"column":34}},"1":{"start":{"line":5,"column":0},"end":{"line":5,"column":null}},"2":{"start":{"line":5,"column":26},"end":{"line":5,"column":35}},"3":{"start":{"line":6,"column":17},"end":{"line":12,"column":null}},"4":{"start":{"line":7,"column":8},"end":{"line":11,"column":null}},"5":{"start":{"line":8,"column":9},"end":{"line":8,"column":23}},"6":{"start":{"line":10,"column":12},"end":{"line":10,"column":null}},"7":{"start":{"line":13,"column":17},"end":{"line":38,"column":null}},"8":{"start":{"line":14,"column":14},"end":{"line":14,"column":null}},"9":{"start":{"line":15,"column":8},"end":{"line":21,"column":null}},"10":{"start":{"line":22,"column":8},"end":{"line":28,"column":null}},"11":{"start":{"line":29,"column":8},"end":{"line":35,"column":null}},"12":{"start":{"line":36,"column":8},"end":{"line":36,"column":null}},"13":{"start":{"line":37,"column":8},"end":{"line":37,"column":null}},"14":{"start":{"line":39,"column":0},"end":{"line":39,"column":null}},"15":{"start":{"line":41,"column":0},"end":{"line":41,"column":27}}},"fnMap":{"0":{"name":"(anonymous_19)","decl":{"start":{"line":5,"column":0},"end":{"line":5,"column":26}},"loc":{"start":{"line":5,"column":0},"end":{"line":39,"column":null}}},"1":{"name":"(anonymous_21)","decl":{"start":{"line":6,"column":4},"end":{"line":6,"column":17}},"loc":{"start":{"line":6,"column":45},"end":{"line":12,"column":null}}},"2":{"name":"(anonymous_24)","decl":{"start":{"line":13,"column":4},"end":{"line":13,"column":17}},"loc":{"start":{"line":13,"column":4},"end":{"line":38,"column":null}}}},"branchMap":{"0":{"loc":{"start":{"line":7,"column":8},"end":{"line":11,"column":null}},"type":"if","locations":[{"start":{"line":7,"column":8},"end":{"line":11,"column":null}},{"start":{"line":9,"column":12},"end":{"line":11,"column":null}}]}},"s":{"0":0,"1":0,"2":0,"3":0,"4":0,"5":0,"6":0,"7":0,"8":0,"9":0,"10":0,"11":0,"12":0,"13":0,"14":0,"15":0},"f":{"0":0,"1":0,"2":0},"b":{"0":[0,0]}}
,"C:\\Users\\r_wha\\Documents\\React\\firstOne\\space-finder-frontend\\src\\utils\\history.ts": {"path":"C:\\Users\\r_wha\\Documents\\React\\firstOne\\space-finder-frontend\\src\\utils\\history.ts","statementMap":{"0":{"start":{"line":1,"column":0},"end":{"line":1,"column":46}},"1":{"start":{"line":3,"column":0},"end":{"line":3,"column":38}}},"fnMap":{},"branchMap":{},"s":{"0":0,"1":0},"f":{},"b":{}}
}
